<?xml version="1.0" encoding="UTF-8"?>
<testsuites name="jest tests" tests="1021" failures="0" errors="0" time="50.692">
  <testsuite name="usuarios.routes" errors="0" failures="0" skipped="0" timestamp="2025-11-13T19:41:15" time="15.996" tests="7">
    <testcase classname="usuarios.routes debe tener ruta GET / configurada" name="usuarios.routes debe tener ruta GET / configurada" time="0.049">
    </testcase>
    <testcase classname="usuarios.routes debe tener ruta GET /me configurada" name="usuarios.routes debe tener ruta GET /me configurada" time="0">
    </testcase>
    <testcase classname="usuarios.routes debe tener ruta PUT /me configurada" name="usuarios.routes debe tener ruta PUT /me configurada" time="0">
    </testcase>
    <testcase classname="usuarios.routes debe tener ruta GET /:id configurada" name="usuarios.routes debe tener ruta GET /:id configurada" time="0.001">
    </testcase>
    <testcase classname="usuarios.routes debe tener ruta POST / configurada" name="usuarios.routes debe tener ruta POST / configurada" time="0.001">
    </testcase>
    <testcase classname="usuarios.routes debe tener ruta PUT /:id configurada" name="usuarios.routes debe tener ruta PUT /:id configurada" time="0">
    </testcase>
    <testcase classname="usuarios.routes debe tener ruta DELETE /:id configurada" name="usuarios.routes debe tener ruta DELETE /:id configurada" time="0">
    </testcase>
  </testsuite>
  <testsuite name="preferencias-helpers - cobertura completa" errors="0" failures="0" skipped="0" timestamp="2025-11-13T19:41:15" time="16.047" tests="4">
    <testcase classname="preferencias-helpers - cobertura completa validatePreferences - casos edge debe validar todos los campos opcionales" name="preferencias-helpers - cobertura completa validatePreferences - casos edge debe validar todos los campos opcionales" time="0.021">
    </testcase>
    <testcase classname="preferencias-helpers - cobertura completa validatePreferences - casos edge debe retornar error para valores inválidos" name="preferencias-helpers - cobertura completa validatePreferences - casos edge debe retornar error para valores inválidos" time="0.002">
    </testcase>
    <testcase classname="preferencias-helpers - cobertura completa upsertPreferences - casos edge debe usar nullish coalescing para booleanos correctamente" name="preferencias-helpers - cobertura completa upsertPreferences - casos edge debe usar nullish coalescing para booleanos correctamente" time="0.006">
    </testcase>
    <testcase classname="preferencias-helpers - cobertura completa upsertPreferences - casos edge debe actualizar preferencias existentes con valores parciales" name="preferencias-helpers - cobertura completa upsertPreferences - casos edge debe actualizar preferencias existentes con valores parciales" time="0.005">
    </testcase>
  </testsuite>
  <testsuite name="index.routes" errors="0" failures="0" skipped="0" timestamp="2025-11-13T19:41:15" time="16.666" tests="5">
    <testcase classname="index.routes GET /api/health debe retornar estado de salud" name="index.routes GET /api/health debe retornar estado de salud" time="0.158">
    </testcase>
    <testcase classname="index.routes GET /api/ debe retornar información de la API" name="index.routes GET /api/ debe retornar información de la API" time="0.017">
    </testcase>
    <testcase classname="index.routes Rutas registradas debe tener ruta /api/auth" name="index.routes Rutas registradas debe tener ruta /api/auth" time="0.002">
    </testcase>
    <testcase classname="index.routes Rutas registradas debe tener ruta /api/usuarios" name="index.routes Rutas registradas debe tener ruta /api/usuarios" time="0.006">
    </testcase>
    <testcase classname="index.routes Rutas registradas debe tener ruta /api/libros" name="index.routes Rutas registradas debe tener ruta /api/libros" time="0.005">
    </testcase>
  </testsuite>
  <testsuite name="auth.controller - refresh y logout" errors="0" failures="0" skipped="0" timestamp="2025-11-13T19:41:15" time="16.641" tests="6">
    <testcase classname="auth.controller - refresh y logout refresh - casos edge debe retornar 401 si no hay token" name="auth.controller - refresh y logout refresh - casos edge debe retornar 401 si no hay token" time="0.05">
    </testcase>
    <testcase classname="auth.controller - refresh y logout refresh - casos edge debe usar token de cookie si está disponible" name="auth.controller - refresh y logout refresh - casos edge debe usar token de cookie si está disponible" time="0.002">
    </testcase>
    <testcase classname="auth.controller - refresh y logout refresh - casos edge debe usar token de header si no hay cookie" name="auth.controller - refresh y logout refresh - casos edge debe usar token de header si no hay cookie" time="0.002">
    </testcase>
    <testcase classname="auth.controller - refresh y logout refresh - casos edge debe retornar 401 si el token es inválido" name="auth.controller - refresh y logout refresh - casos edge debe retornar 401 si el token es inválido" time="0.001">
    </testcase>
    <testcase classname="auth.controller - refresh y logout refresh - casos edge debe retornar 404 si el usuario no existe" name="auth.controller - refresh y logout refresh - casos edge debe retornar 404 si el usuario no existe" time="0.006">
    </testcase>
    <testcase classname="auth.controller - refresh y logout logout - casos edge debe limpiar cookies de autenticación" name="auth.controller - refresh y logout logout - casos edge debe limpiar cookies de autenticación" time="0.023">
    </testcase>
  </testsuite>
  <testsuite name="register-base-middleware" errors="0" failures="0" skipped="0" timestamp="2025-11-13T19:41:15" time="17.301" tests="1">
    <testcase classname="register-base-middleware registerBaseMiddleware debe registrar middleware base" name="register-base-middleware registerBaseMiddleware debe registrar middleware base" time="0.029">
    </testcase>
  </testsuite>
  <testsuite name="auth.controller - password recovery" errors="0" failures="0" skipped="0" timestamp="2025-11-13T19:41:15" time="16.226" tests="12">
    <testcase classname="auth.controller - password recovery forgotPassword - casos edge debe retornar mensaje genérico si el email no existe" name="auth.controller - password recovery forgotPassword - casos edge debe retornar mensaje genérico si el email no existe" time="0.025">
    </testcase>
    <testcase classname="auth.controller - password recovery forgotPassword - casos edge debe retornar token en desarrollo" name="auth.controller - password recovery forgotPassword - casos edge debe retornar token en desarrollo" time="0.003">
    </testcase>
    <testcase classname="auth.controller - password recovery forgotPassword - casos edge debe retornar mensaje genérico en producción" name="auth.controller - password recovery forgotPassword - casos edge debe retornar mensaje genérico en producción" time="0.003">
    </testcase>
    <testcase classname="auth.controller - password recovery verifyResetToken - casos edge debe retornar error si el token no tiene type correcto" name="auth.controller - password recovery verifyResetToken - casos edge debe retornar error si el token no tiene type correcto" time="0.002">
    </testcase>
    <testcase classname="auth.controller - password recovery verifyResetToken - casos edge debe retornar error si el token no existe en BD" name="auth.controller - password recovery verifyResetToken - casos edge debe retornar error si el token no existe en BD" time="0.006">
    </testcase>
    <testcase classname="auth.controller - password recovery verifyResetToken - casos edge debe retornar error si el token expiró" name="auth.controller - password recovery verifyResetToken - casos edge debe retornar error si el token expiró" time="0.016">
    </testcase>
    <testcase classname="auth.controller - password recovery verifyResetToken - casos edge debe retornar error si el token ya fue usado" name="auth.controller - password recovery verifyResetToken - casos edge debe retornar error si el token ya fue usado" time="0.003">
    </testcase>
    <testcase classname="auth.controller - password recovery verifyResetToken - casos edge debe manejar JsonWebTokenError" name="auth.controller - password recovery verifyResetToken - casos edge debe manejar JsonWebTokenError" time="0.003">
    </testcase>
    <testcase classname="auth.controller - password recovery verifyResetToken - casos edge debe manejar TokenExpiredError" name="auth.controller - password recovery verifyResetToken - casos edge debe manejar TokenExpiredError" time="0.002">
    </testcase>
    <testcase classname="auth.controller - password recovery resetPassword - casos edge debe retornar error si la contraseña es muy corta" name="auth.controller - password recovery resetPassword - casos edge debe retornar error si la contraseña es muy corta" time="0.002">
    </testcase>
    <testcase classname="auth.controller - password recovery resetPassword - casos edge debe actualizar contraseña y marcar token como usado" name="auth.controller - password recovery resetPassword - casos edge debe actualizar contraseña y marcar token como usado" time="0.003">
    </testcase>
    <testcase classname="auth.controller - password recovery resetPassword - casos edge debe usar BCRYPT_ROUNDS de env si está configurado" name="auth.controller - password recovery resetPassword - casos edge debe usar BCRYPT_ROUNDS de env si está configurado" time="0.002">
    </testcase>
  </testsuite>
  <testsuite name="biblioteca-libros.routes" errors="0" failures="0" skipped="0" timestamp="2025-11-13T19:41:32" time="0.756" tests="5">
    <testcase classname="biblioteca-libros.routes debe tener ruta GET / configurada" name="biblioteca-libros.routes debe tener ruta GET / configurada" time="0.002">
    </testcase>
    <testcase classname="biblioteca-libros.routes debe tener ruta GET /:id configurada" name="biblioteca-libros.routes debe tener ruta GET /:id configurada" time="0.001">
    </testcase>
    <testcase classname="biblioteca-libros.routes debe tener ruta POST / configurada" name="biblioteca-libros.routes debe tener ruta POST / configurada" time="0">
    </testcase>
    <testcase classname="biblioteca-libros.routes debe tener ruta DELETE /:id configurada" name="biblioteca-libros.routes debe tener ruta DELETE /:id configurada" time="0.001">
    </testcase>
    <testcase classname="biblioteca-libros.routes debe tener ruta GET /:id/disponibilidad configurada" name="biblioteca-libros.routes debe tener ruta GET /:id/disponibilidad configurada" time="0.001">
    </testcase>
  </testsuite>
  <testsuite name="register-routes" errors="0" failures="0" skipped="0" timestamp="2025-11-13T19:41:15" time="18.278" tests="1">
    <testcase classname="register-routes registerRoutes debe registrar rutas" name="register-routes registerRoutes debe registrar rutas" time="0.058">
    </testcase>
  </testsuite>
  <testsuite name="supadmin.controller - casos adicionales" errors="0" failures="0" skipped="0" timestamp="2025-11-13T19:41:31" time="1.359" tests="8">
    <testcase classname="supadmin.controller - casos adicionales obtenerLogs - casos edge debe procesar logs de tipo application" name="supadmin.controller - casos adicionales obtenerLogs - casos edge debe procesar logs de tipo application" time="0.023">
    </testcase>
    <testcase classname="supadmin.controller - casos adicionales obtenerLogs - casos edge debe procesar logs de tipo security" name="supadmin.controller - casos adicionales obtenerLogs - casos edge debe procesar logs de tipo security" time="0.002">
    </testcase>
    <testcase classname="supadmin.controller - casos adicionales obtenerLogs - casos edge debe procesar logs de tipo audit" name="supadmin.controller - casos adicionales obtenerLogs - casos edge debe procesar logs de tipo audit" time="0.002">
    </testcase>
    <testcase classname="supadmin.controller - casos adicionales obtenerLogs - casos edge debe procesar logs de tipo error" name="supadmin.controller - casos adicionales obtenerLogs - casos edge debe procesar logs de tipo error" time="0.002">
    </testcase>
    <testcase classname="supadmin.controller - casos adicionales obtenerLogs - casos edge debe filtrar por nivel" name="supadmin.controller - casos adicionales obtenerLogs - casos edge debe filtrar por nivel" time="0.001">
    </testcase>
    <testcase classname="supadmin.controller - casos adicionales obtenerLogs - casos edge debe filtrar por fecha_desde" name="supadmin.controller - casos adicionales obtenerLogs - casos edge debe filtrar por fecha_desde" time="0.002">
    </testcase>
    <testcase classname="supadmin.controller - casos adicionales obtenerLogs - casos edge debe filtrar por fecha_hasta" name="supadmin.controller - casos adicionales obtenerLogs - casos edge debe filtrar por fecha_hasta" time="0.001">
    </testcase>
    <testcase classname="supadmin.controller - casos adicionales obtenerLogs - casos edge debe aplicar paginación" name="supadmin.controller - casos adicionales obtenerLogs - casos edge debe aplicar paginación" time="0.006">
    </testcase>
  </testsuite>
  <testsuite name="metrics.js - test directo" errors="0" failures="0" skipped="0" timestamp="2025-11-13T19:41:32" time="1.832" tests="2">
    <testcase classname="metrics.js - test directo debe tener ruta GET /metrics" name="metrics.js - test directo debe tener ruta GET /metrics" time="0.111">
    </testcase>
    <testcase classname="metrics.js - test directo debe manejar errores en /metrics" name="metrics.js - test directo debe manejar errores en /metrics" time="0.041">
    </testcase>
  </testsuite>
  <testsuite name="usuarios.routes - rutas inline" errors="0" failures="0" skipped="0" timestamp="2025-11-13T19:41:33" time="0.412" tests="3">
    <testcase classname="usuarios.routes - rutas inline GET /test debe tener ruta configurada" name="usuarios.routes - rutas inline GET /test debe tener ruta configurada" time="0.004">
    </testcase>
    <testcase classname="usuarios.routes - rutas inline GET /check/:id debe tener ruta configurada" name="usuarios.routes - rutas inline GET /check/:id debe tener ruta configurada" time="0.002">
    </testcase>
    <testcase classname="usuarios.routes - rutas inline DELETE /test-delete/:id debe tener ruta configurada" name="usuarios.routes - rutas inline DELETE /test-delete/:id debe tener ruta configurada" time="0.001">
    </testcase>
  </testsuite>
  <testsuite name="auth.controller - me" errors="0" failures="0" skipped="0" timestamp="2025-11-13T19:41:33" time="0.558" tests="4">
    <testcase classname="auth.controller - me me - casos edge debe retornar usuario si existe" name="auth.controller - me me - casos edge debe retornar usuario si existe" time="0.005">
    </testcase>
    <testcase classname="auth.controller - me me - casos edge debe retornar 404 si el usuario no existe" name="auth.controller - me me - casos edge debe retornar 404 si el usuario no existe" time="0.002">
    </testcase>
    <testcase classname="auth.controller - me me - casos edge debe retornar 500 si hay error en la base de datos" name="auth.controller - me me - casos edge debe retornar 500 si hay error en la base de datos" time="0.003">
    </testcase>
    <testcase classname="auth.controller - me me - casos edge debe retornar 500 si req.user no existe" name="auth.controller - me me - casos edge debe retornar 500 si req.user no existe" time="0.002">
    </testcase>
  </testsuite>
  <testsuite name="supadmin.routes" errors="0" failures="0" skipped="0" timestamp="2025-11-13T19:41:33" time="1.181" tests="3">
    <testcase classname="supadmin.routes debe tener ruta GET /estadisticas configurada" name="supadmin.routes debe tener ruta GET /estadisticas configurada" time="0.003">
    </testcase>
    <testcase classname="supadmin.routes debe tener ruta GET /actividad configurada" name="supadmin.routes debe tener ruta GET /actividad configurada" time="0.001">
    </testcase>
    <testcase classname="supadmin.routes debe tener ruta GET /logs configurada" name="supadmin.routes debe tener ruta GET /logs configurada" time="0">
    </testcase>
  </testsuite>
  <testsuite name="database.js - test directo" errors="0" failures="0" skipped="0" timestamp="2025-11-13T19:41:34" time="0.24" tests="4">
    <testcase classname="database.js - test directo debe crear pool y exportar funciones" name="database.js - test directo debe crear pool y exportar funciones" time="0.025">
    </testcase>
    <testcase classname="database.js - test directo debe probar conexión exitosamente" name="database.js - test directo debe probar conexión exitosamente" time="0.002">
    </testcase>
    <testcase classname="database.js - test directo debe manejar error en testConnection" name="database.js - test directo debe manejar error en testConnection" time="0.001">
    </testcase>
    <testcase classname="database.js - test directo debe cerrar pool correctamente" name="database.js - test directo debe cerrar pool correctamente" time="0.003">
    </testcase>
  </testsuite>
  <testsuite name="security-monitoring - cobertura completa" errors="0" failures="0" skipped="0" timestamp="2025-11-13T19:41:33" time="0.793" tests="7">
    <testcase classname="security-monitoring - cobertura completa monitorAuthAttempts - casos edge debe limpiar intentos antiguos" name="security-monitoring - cobertura completa monitorAuthAttempts - casos edge debe limpiar intentos antiguos" time="0.003">
    </testcase>
    <testcase classname="security-monitoring - cobertura completa monitorAuthAttempts - casos edge debe registrar intento fallido en respuesta 401" name="security-monitoring - cobertura completa monitorAuthAttempts - casos edge debe registrar intento fallido en respuesta 401" time="0.012">
    </testcase>
    <testcase classname="security-monitoring - cobertura completa monitorAuthAttempts - casos edge debe bloquear IP después de maxAttempts" name="security-monitoring - cobertura completa monitorAuthAttempts - casos edge debe bloquear IP después de maxAttempts" time="0.035">
    </testcase>
    <testcase classname="security-monitoring - cobertura completa monitorSuspiciousActivity - casos edge debe detectar múltiples patrones" name="security-monitoring - cobertura completa monitorSuspiciousActivity - casos edge debe detectar múltiples patrones" time="0.002">
    </testcase>
    <testcase classname="security-monitoring - cobertura completa monitorSuspiciousActivity - casos edge debe detectar headers sospechosos" name="security-monitoring - cobertura completa monitorSuspiciousActivity - casos edge debe detectar headers sospechosos" time="0.001">
    </testcase>
    <testcase classname="security-monitoring - cobertura completa monitorDataChanges - casos edge debe registrar cambios en endpoints sensibles" name="security-monitoring - cobertura completa monitorDataChanges - casos edge debe registrar cambios en endpoints sensibles" time="0.006">
    </testcase>
    <testcase classname="security-monitoring - cobertura completa monitorDataChanges - casos edge no debe registrar si no es endpoint sensible" name="security-monitoring - cobertura completa monitorDataChanges - casos edge no debe registrar si no es endpoint sensible" time="0.001">
    </testcase>
  </testsuite>
  <testsuite name="auth.routes" errors="0" failures="0" skipped="0" timestamp="2025-11-13T19:41:34" time="0.497" tests="8">
    <testcase classname="auth.routes debe tener ruta POST /register configurada" name="auth.routes debe tener ruta POST /register configurada" time="0.012">
    </testcase>
    <testcase classname="auth.routes debe tener ruta POST /login configurada" name="auth.routes debe tener ruta POST /login configurada" time="0.002">
    </testcase>
    <testcase classname="auth.routes debe tener ruta GET /me configurada" name="auth.routes debe tener ruta GET /me configurada" time="0.003">
    </testcase>
    <testcase classname="auth.routes debe tener ruta POST /refresh configurada" name="auth.routes debe tener ruta POST /refresh configurada" time="0.002">
    </testcase>
    <testcase classname="auth.routes debe tener ruta POST /logout configurada" name="auth.routes debe tener ruta POST /logout configurada" time="0.003">
    </testcase>
    <testcase classname="auth.routes debe tener ruta POST /forgot-password configurada" name="auth.routes debe tener ruta POST /forgot-password configurada" time="0.002">
    </testcase>
    <testcase classname="auth.routes debe tener ruta POST /verify-reset-token configurada" name="auth.routes debe tener ruta POST /verify-reset-token configurada" time="0.009">
    </testcase>
    <testcase classname="auth.routes debe tener ruta POST /reset-password configurada" name="auth.routes debe tener ruta POST /reset-password configurada" time="0.009">
    </testcase>
  </testsuite>
  <testsuite name="auth.controller - funciones adicionales" errors="0" failures="0" skipped="0" timestamp="2025-11-13T19:41:33" time="1.146" tests="16">
    <testcase classname="auth.controller - funciones adicionales forgotPassword debe generar token de reset si el usuario existe" name="auth.controller - funciones adicionales forgotPassword debe generar token de reset si el usuario existe" time="0.004">
    </testcase>
    <testcase classname="auth.controller - funciones adicionales forgotPassword debe retornar 400 si falta el email" name="auth.controller - funciones adicionales forgotPassword debe retornar 400 si falta el email" time="0.013">
    </testcase>
    <testcase classname="auth.controller - funciones adicionales forgotPassword debe retornar mensaje genérico si el usuario no existe" name="auth.controller - funciones adicionales forgotPassword debe retornar mensaje genérico si el usuario no existe" time="0.004">
    </testcase>
    <testcase classname="auth.controller - funciones adicionales forgotPassword debe manejar errores" name="auth.controller - funciones adicionales forgotPassword debe manejar errores" time="0.001">
    </testcase>
    <testcase classname="auth.controller - funciones adicionales verifyResetToken debe verificar token válido" name="auth.controller - funciones adicionales verifyResetToken debe verificar token válido" time="0.002">
    </testcase>
    <testcase classname="auth.controller - funciones adicionales verifyResetToken debe retornar 400 si falta el token" name="auth.controller - funciones adicionales verifyResetToken debe retornar 400 si falta el token" time="0.002">
    </testcase>
    <testcase classname="auth.controller - funciones adicionales verifyResetToken debe retornar 400 si el token es inválido" name="auth.controller - funciones adicionales verifyResetToken debe retornar 400 si el token es inválido" time="0.008">
    </testcase>
    <testcase classname="auth.controller - funciones adicionales verifyResetToken debe retornar 400 si el token no existe en DB" name="auth.controller - funciones adicionales verifyResetToken debe retornar 400 si el token no existe en DB" time="0.001">
    </testcase>
    <testcase classname="auth.controller - funciones adicionales verifyResetToken debe retornar 400 si el token expiró" name="auth.controller - funciones adicionales verifyResetToken debe retornar 400 si el token expiró" time="0.001">
    </testcase>
    <testcase classname="auth.controller - funciones adicionales verifyResetToken debe retornar 400 si el token ya fue usado" name="auth.controller - funciones adicionales verifyResetToken debe retornar 400 si el token ya fue usado" time="0.001">
    </testcase>
    <testcase classname="auth.controller - funciones adicionales verifyResetToken debe manejar errores de JWT" name="auth.controller - funciones adicionales verifyResetToken debe manejar errores de JWT" time="0.001">
    </testcase>
    <testcase classname="auth.controller - funciones adicionales resetPassword debe restablecer contraseña exitosamente" name="auth.controller - funciones adicionales resetPassword debe restablecer contraseña exitosamente" time="0.002">
    </testcase>
    <testcase classname="auth.controller - funciones adicionales resetPassword debe retornar 400 si faltan datos" name="auth.controller - funciones adicionales resetPassword debe retornar 400 si faltan datos" time="0.001">
    </testcase>
    <testcase classname="auth.controller - funciones adicionales resetPassword debe retornar 400 si la contraseña es muy corta" name="auth.controller - funciones adicionales resetPassword debe retornar 400 si la contraseña es muy corta" time="0.005">
    </testcase>
    <testcase classname="auth.controller - funciones adicionales resetPassword debe retornar 400 si el token es inválido" name="auth.controller - funciones adicionales resetPassword debe retornar 400 si el token es inválido" time="0.002">
    </testcase>
    <testcase classname="auth.controller - funciones adicionales resetPassword debe manejar errores" name="auth.controller - funciones adicionales resetPassword debe manejar errores" time="0.001">
    </testcase>
  </testsuite>
  <testsuite name="bibliotecas.routes" errors="0" failures="0" skipped="0" timestamp="2025-11-13T19:41:34" time="0.507" tests="6">
    <testcase classname="bibliotecas.routes debe tener ruta GET / configurada" name="bibliotecas.routes debe tener ruta GET / configurada" time="0.002">
    </testcase>
    <testcase classname="bibliotecas.routes debe tener ruta GET /:id configurada" name="bibliotecas.routes debe tener ruta GET /:id configurada" time="0.001">
    </testcase>
    <testcase classname="bibliotecas.routes debe tener ruta GET /:id/libros configurada" name="bibliotecas.routes debe tener ruta GET /:id/libros configurada" time="0.001">
    </testcase>
    <testcase classname="bibliotecas.routes debe tener ruta POST / configurada" name="bibliotecas.routes debe tener ruta POST / configurada" time="0.001">
    </testcase>
    <testcase classname="bibliotecas.routes debe tener ruta PUT /:id configurada" name="bibliotecas.routes debe tener ruta PUT /:id configurada" time="0.001">
    </testcase>
    <testcase classname="bibliotecas.routes debe tener ruta DELETE /:id configurada" name="bibliotecas.routes debe tener ruta DELETE /:id configurada" time="0.001">
    </testcase>
  </testsuite>
  <testsuite name="colegios.routes" errors="0" failures="0" skipped="0" timestamp="2025-11-13T19:41:34" time="0.625" tests="5">
    <testcase classname="colegios.routes debe tener ruta GET / configurada" name="colegios.routes debe tener ruta GET / configurada" time="0.002">
    </testcase>
    <testcase classname="colegios.routes debe tener ruta GET /:id configurada" name="colegios.routes debe tener ruta GET /:id configurada" time="0">
    </testcase>
    <testcase classname="colegios.routes debe tener ruta POST / configurada" name="colegios.routes debe tener ruta POST / configurada" time="0">
    </testcase>
    <testcase classname="colegios.routes debe tener ruta PUT /:id configurada" name="colegios.routes debe tener ruta PUT /:id configurada" time="0.001">
    </testcase>
    <testcase classname="colegios.routes debe tener ruta DELETE /:id configurada" name="colegios.routes debe tener ruta DELETE /:id configurada" time="0.002">
    </testcase>
  </testsuite>
  <testsuite name="auth.controller" errors="0" failures="0" skipped="0" timestamp="2025-11-13T19:41:34" time="0.527" tests="15">
    <testcase classname="auth.controller register debe retornar error 400 si faltan campos obligatorios" name="auth.controller register debe retornar error 400 si faltan campos obligatorios" time="0.003">
    </testcase>
    <testcase classname="auth.controller register debe retornar error 409 si el email ya existe" name="auth.controller register debe retornar error 409 si el email ya existe" time="0.004">
    </testcase>
    <testcase classname="auth.controller register debe registrar un usuario exitosamente" name="auth.controller register debe registrar un usuario exitosamente" time="0.009">
    </testcase>
    <testcase classname="auth.controller register debe manejar errores internos" name="auth.controller register debe manejar errores internos" time="0.002">
    </testcase>
    <testcase classname="auth.controller login debe retornar error 400 si faltan email o password" name="auth.controller login debe retornar error 400 si faltan email o password" time="0.003">
    </testcase>
    <testcase classname="auth.controller login debe retornar error 401 si el usuario no existe" name="auth.controller login debe retornar error 401 si el usuario no existe" time="0.001">
    </testcase>
    <testcase classname="auth.controller login debe retornar error 401 si la contraseña es incorrecta" name="auth.controller login debe retornar error 401 si la contraseña es incorrecta" time="0.002">
    </testcase>
    <testcase classname="auth.controller login debe hacer login exitoso sin 2FA" name="auth.controller login debe hacer login exitoso sin 2FA" time="0.002">
    </testcase>
    <testcase classname="auth.controller login debe requerir 2FA si está habilitado" name="auth.controller login debe requerir 2FA si está habilitado" time="0.003">
    </testcase>
    <testcase classname="auth.controller login debe manejar errores internos" name="auth.controller login debe manejar errores internos" time="0.004">
    </testcase>
    <testcase classname="auth.controller me debe retornar información del usuario autenticado" name="auth.controller me debe retornar información del usuario autenticado" time="0.003">
    </testcase>
    <testcase classname="auth.controller me debe manejar errores internos" name="auth.controller me debe manejar errores internos" time="0.001">
    </testcase>
    <testcase classname="auth.controller refresh debe refrescar el token si es válido" name="auth.controller refresh debe refrescar el token si es válido" time="0.001">
    </testcase>
    <testcase classname="auth.controller refresh debe retornar error 404 si el usuario no existe" name="auth.controller refresh debe retornar error 404 si el usuario no existe" time="0.003">
    </testcase>
    <testcase classname="auth.controller logout debe limpiar las cookies y retornar éxito" name="auth.controller logout debe limpiar las cookies y retornar éxito" time="0.002">
    </testcase>
  </testsuite>
  <testsuite name="prestamos.routes - cobertura completa" errors="0" failures="0" skipped="0" timestamp="2025-11-13T19:41:35" time="0.232" tests="3">
    <testcase classname="prestamos.routes - cobertura completa GET /test debe retornar mensaje de test" name="prestamos.routes - cobertura completa GET /test debe retornar mensaje de test" time="0.003">
    </testcase>
    <testcase classname="prestamos.routes - cobertura completa GET /test-db debe retornar información de base de datos" name="prestamos.routes - cobertura completa GET /test-db debe retornar información de base de datos" time="0.003">
    </testcase>
    <testcase classname="prestamos.routes - cobertura completa GET /test-db debe manejar error en test-db" name="prestamos.routes - cobertura completa GET /test-db debe manejar error en test-db" time="0.002">
    </testcase>
  </testsuite>
  <testsuite name="prestamos.routes - rutas inline" errors="0" failures="0" skipped="0" timestamp="2025-11-13T19:41:35" time="0.402" tests="2">
    <testcase classname="prestamos.routes - rutas inline GET /test debe tener ruta configurada" name="prestamos.routes - rutas inline GET /test debe tener ruta configurada" time="0.007">
    </testcase>
    <testcase classname="prestamos.routes - rutas inline GET /test-db debe tener ruta configurada" name="prestamos.routes - rutas inline GET /test-db debe tener ruta configurada" time="0.002">
    </testcase>
  </testsuite>
  <testsuite name="Funciones Helper" errors="0" failures="0" skipped="0" timestamp="2025-11-13T19:41:35" time="0.247" tests="4">
    <testcase classname="Funciones Helper suma de dos números" name="Funciones Helper suma de dos números" time="0.001">
    </testcase>
    <testcase classname="Funciones Helper validación de email" name="Funciones Helper validación de email" time="0.001">
    </testcase>
    <testcase classname="Funciones Helper formateo de fecha" name="Funciones Helper formateo de fecha" time="0.001">
    </testcase>
    <testcase classname="Funciones Helper normalización de string a objeto" name="Funciones Helper normalización de string a objeto" time="0.01">
    </testcase>
  </testsuite>
  <testsuite name="auth-helpers" errors="0" failures="0" skipped="0" timestamp="2025-11-13T19:41:34" time="0.58" tests="38">
    <testcase classname="auth-helpers getUserId debe retornar null si req no es válido" name="auth-helpers getUserId debe retornar null si req no es válido" time="0.003">
    </testcase>
    <testcase classname="auth-helpers getUserId debe obtener ID de req.user" name="auth-helpers getUserId debe obtener ID de req.user" time="0.001">
    </testcase>
    <testcase classname="auth-helpers getUserId debe obtener ID de req.auth.sub" name="auth-helpers getUserId debe obtener ID de req.auth.sub" time="0.001">
    </testcase>
    <testcase classname="auth-helpers getUserId debe obtener ID de req.userId" name="auth-helpers getUserId debe obtener ID de req.userId" time="0.013">
    </testcase>
    <testcase classname="auth-helpers getUserId debe priorizar req.user sobre req.auth" name="auth-helpers getUserId debe priorizar req.user sobre req.auth" time="0.001">
    </testcase>
    <testcase classname="auth-helpers getUserRole debe retornar null si req no es válido" name="auth-helpers getUserRole debe retornar null si req no es válido" time="0.001">
    </testcase>
    <testcase classname="auth-helpers getUserRole debe obtener rol de req.user.role" name="auth-helpers getUserRole debe obtener rol de req.user.role" time="0.003">
    </testcase>
    <testcase classname="auth-helpers getUserRole debe obtener rol de req.user.rol (alternativo)" name="auth-helpers getUserRole debe obtener rol de req.user.rol (alternativo)" time="0.001">
    </testcase>
    <testcase classname="auth-helpers getUserRole debe retornar null si no hay rol" name="auth-helpers getUserRole debe retornar null si no hay rol" time="0.001">
    </testcase>
    <testcase classname="auth-helpers isAuthenticated debe retornar false si no hay usuario" name="auth-helpers isAuthenticated debe retornar false si no hay usuario" time="0.001">
    </testcase>
    <testcase classname="auth-helpers isAuthenticated debe retornar true si hay usuario" name="auth-helpers isAuthenticated debe retornar true si hay usuario" time="0.001">
    </testcase>
    <testcase classname="auth-helpers hasRole debe retornar false si role no es string válido" name="auth-helpers hasRole debe retornar false si role no es string válido" time="0.001">
    </testcase>
    <testcase classname="auth-helpers hasRole debe retornar true si el usuario tiene el rol" name="auth-helpers hasRole debe retornar true si el usuario tiene el rol" time="0.001">
    </testcase>
    <testcase classname="auth-helpers hasRole debe retornar false si el usuario no tiene el rol" name="auth-helpers hasRole debe retornar false si el usuario no tiene el rol" time="0">
    </testcase>
    <testcase classname="auth-helpers hasRole debe hacer trim del rol" name="auth-helpers hasRole debe hacer trim del rol" time="0">
    </testcase>
    <testcase classname="auth-helpers isAdmin debe retornar true para admin" name="auth-helpers isAdmin debe retornar true para admin" time="0.001">
    </testcase>
    <testcase classname="auth-helpers isAdmin debe retornar true para supadmin" name="auth-helpers isAdmin debe retornar true para supadmin" time="0.002">
    </testcase>
    <testcase classname="auth-helpers isAdmin debe retornar false para otros roles" name="auth-helpers isAdmin debe retornar false para otros roles" time="0.001">
    </testcase>
    <testcase classname="auth-helpers requireAuth debe llamar unauthorized si req no es válido" name="auth-helpers requireAuth debe llamar unauthorized si req no es válido" time="0.001">
    </testcase>
    <testcase classname="auth-helpers requireAuth debe llamar unauthorized si no está autenticado" name="auth-helpers requireAuth debe llamar unauthorized si no está autenticado" time="0.001">
    </testcase>
    <testcase classname="auth-helpers requireAuth debe llamar next si está autenticado" name="auth-helpers requireAuth debe llamar next si está autenticado" time="0.001">
    </testcase>
    <testcase classname="auth-helpers requireRole debe lanzar error si role no es string válido" name="auth-helpers requireRole debe lanzar error si role no es string válido" time="0.055">
    </testcase>
    <testcase classname="auth-helpers requireRole debe llamar unauthorized si no está autenticado" name="auth-helpers requireRole debe llamar unauthorized si no está autenticado" time="0.002">
    </testcase>
    <testcase classname="auth-helpers requireRole debe llamar forbidden si no tiene el rol requerido" name="auth-helpers requireRole debe llamar forbidden si no tiene el rol requerido" time="0.001">
    </testcase>
    <testcase classname="auth-helpers requireRole debe permitir acceso a admin aunque no tenga el rol específico" name="auth-helpers requireRole debe permitir acceso a admin aunque no tenga el rol específico" time="0.001">
    </testcase>
    <testcase classname="auth-helpers requireRole debe llamar next si tiene el rol requerido" name="auth-helpers requireRole debe llamar next si tiene el rol requerido" time="0.001">
    </testcase>
    <testcase classname="auth-helpers canAccessResource debe retornar false si req no es válido" name="auth-helpers canAccessResource debe retornar false si req no es válido" time="0.001">
    </testcase>
    <testcase classname="auth-helpers canAccessResource debe retornar false si no está autenticado" name="auth-helpers canAccessResource debe retornar false si no está autenticado" time="0.001">
    </testcase>
    <testcase classname="auth-helpers canAccessResource debe retornar true si es admin" name="auth-helpers canAccessResource debe retornar true si es admin" time="0.001">
    </testcase>
    <testcase classname="auth-helpers canAccessResource debe retornar true si es propietario" name="auth-helpers canAccessResource debe retornar true si es propietario" time="0.001">
    </testcase>
    <testcase classname="auth-helpers canAccessResource debe retornar false si no es propietario ni admin" name="auth-helpers canAccessResource debe retornar false si no es propietario ni admin" time="0.002">
    </testcase>
    <testcase classname="auth-helpers canAccessResource debe manejar resourceUserId como string" name="auth-helpers canAccessResource debe manejar resourceUserId como string" time="0.002">
    </testcase>
    <testcase classname="auth-helpers canAccessResource debe retornar false para string inválido" name="auth-helpers canAccessResource debe retornar false para string inválido" time="0.002">
    </testcase>
    <testcase classname="auth-helpers requireResourceAccess debe lanzar error si extractor no es función" name="auth-helpers requireResourceAccess debe lanzar error si extractor no es función" time="0.003">
    </testcase>
    <testcase classname="auth-helpers requireResourceAccess debe llamar unauthorized si no está autenticado" name="auth-helpers requireResourceAccess debe llamar unauthorized si no está autenticado" time="0.002">
    </testcase>
    <testcase classname="auth-helpers requireResourceAccess debe llamar forbidden si no puede acceder al recurso" name="auth-helpers requireResourceAccess debe llamar forbidden si no puede acceder al recurso" time="0.001">
    </testcase>
    <testcase classname="auth-helpers requireResourceAccess debe llamar next si puede acceder al recurso" name="auth-helpers requireResourceAccess debe llamar next si puede acceder al recurso" time="0">
    </testcase>
    <testcase classname="auth-helpers requireResourceAccess debe manejar errores del extractor" name="auth-helpers requireResourceAccess debe manejar errores del extractor" time="0.18">
    </testcase>
  </testsuite>
  <testsuite name="admin-biblioteca.routes" errors="0" failures="0" skipped="0" timestamp="2025-11-13T19:41:34" time="1.061" tests="8">
    <testcase classname="admin-biblioteca.routes debe tener ruta GET /biblioteca configurada" name="admin-biblioteca.routes debe tener ruta GET /biblioteca configurada" time="0.004">
    </testcase>
    <testcase classname="admin-biblioteca.routes debe tener ruta GET /estadisticas configurada" name="admin-biblioteca.routes debe tener ruta GET /estadisticas configurada" time="0.001">
    </testcase>
    <testcase classname="admin-biblioteca.routes debe tener ruta GET /libros configurada" name="admin-biblioteca.routes debe tener ruta GET /libros configurada" time="0.001">
    </testcase>
    <testcase classname="admin-biblioteca.routes debe tener ruta POST /libros configurada" name="admin-biblioteca.routes debe tener ruta POST /libros configurada" time="0.001">
    </testcase>
    <testcase classname="admin-biblioteca.routes debe tener ruta POST /libros/crear configurada" name="admin-biblioteca.routes debe tener ruta POST /libros/crear configurada" time="0.001">
    </testcase>
    <testcase classname="admin-biblioteca.routes debe tener ruta DELETE /libros/:biblioteca_libro_id configurada" name="admin-biblioteca.routes debe tener ruta DELETE /libros/:biblioteca_libro_id configurada" time="0.004">
    </testcase>
    <testcase classname="admin-biblioteca.routes debe tener ruta GET /prestamos configurada" name="admin-biblioteca.routes debe tener ruta GET /prestamos configurada" time="0.001">
    </testcase>
    <testcase classname="admin-biblioteca.routes debe tener ruta PATCH /prestamos/:prestamo_id/devolver configurada" name="admin-biblioteca.routes debe tener ruta PATCH /prestamos/:prestamo_id/devolver configurada" time="0.003">
    </testcase>
  </testsuite>
  <testsuite name="register-base-middleware - cobertura completa" errors="0" failures="0" skipped="0" timestamp="2025-11-13T19:41:35" time="0.581" tests="12">
    <testcase classname="register-base-middleware - cobertura completa debe registrar todos los middlewares" name="register-base-middleware - cobertura completa debe registrar todos los middlewares" time="0.012">
    </testcase>
    <testcase classname="register-base-middleware - cobertura completa debe registrar helmetConfig" name="register-base-middleware - cobertura completa debe registrar helmetConfig" time="0.003">
    </testcase>
    <testcase classname="register-base-middleware - cobertura completa debe registrar requestLogger" name="register-base-middleware - cobertura completa debe registrar requestLogger" time="0.001">
    </testcase>
    <testcase classname="register-base-middleware - cobertura completa debe registrar securityLogger" name="register-base-middleware - cobertura completa debe registrar securityLogger" time="0.001">
    </testcase>
    <testcase classname="register-base-middleware - cobertura completa debe adjuntar encryptedLogger" name="register-base-middleware - cobertura completa debe adjuntar encryptedLogger" time="0">
    </testcase>
    <testcase classname="register-base-middleware - cobertura completa debe registrar inputValidator" name="register-base-middleware - cobertura completa debe registrar inputValidator" time="0.001">
    </testcase>
    <testcase classname="register-base-middleware - cobertura completa debe registrar security monitoring middlewares" name="register-base-middleware - cobertura completa debe registrar security monitoring middlewares" time="0.002">
    </testcase>
    <testcase classname="register-base-middleware - cobertura completa debe registrar performance monitoring" name="register-base-middleware - cobertura completa debe registrar performance monitoring" time="0.002">
    </testcase>
    <testcase classname="register-base-middleware - cobertura completa debe registrar express.json" name="register-base-middleware - cobertura completa debe registrar express.json" time="0.002">
    </testcase>
    <testcase classname="register-base-middleware - cobertura completa debe registrar cookieParser" name="register-base-middleware - cobertura completa debe registrar cookieParser" time="0.01">
    </testcase>
    <testcase classname="register-base-middleware - cobertura completa debe registrar CORS con configuración correcta" name="register-base-middleware - cobertura completa debe registrar CORS con configuración correcta" time="0.012">
    </testcase>
    <testcase classname="register-base-middleware - cobertura completa debe registrar debug logging" name="register-base-middleware - cobertura completa debe registrar debug logging" time="0.009">
    </testcase>
  </testsuite>
  <testsuite name="twofa.routes" errors="0" failures="0" skipped="0" timestamp="2025-11-13T19:41:35" time="0.411" tests="5">
    <testcase classname="twofa.routes debe tener ruta POST /login/2fa configurada" name="twofa.routes debe tener ruta POST /login/2fa configurada" time="0.002">
    </testcase>
    <testcase classname="twofa.routes debe tener ruta POST /2fa/setup configurada" name="twofa.routes debe tener ruta POST /2fa/setup configurada" time="0.001">
    </testcase>
    <testcase classname="twofa.routes debe tener ruta POST /2fa/verify configurada" name="twofa.routes debe tener ruta POST /2fa/verify configurada" time="0">
    </testcase>
    <testcase classname="twofa.routes debe tener ruta POST /2fa/disable configurada" name="twofa.routes debe tener ruta POST /2fa/disable configurada" time="0">
    </testcase>
    <testcase classname="twofa.routes debe tener ruta GET /2fa/status configurada" name="twofa.routes debe tener ruta GET /2fa/status configurada" time="0">
    </testcase>
  </testsuite>
  <testsuite name="src/utils/metrics.js" errors="0" failures="0" skipped="0" timestamp="2025-11-13T19:41:36" time="0.257" tests="6">
    <testcase classname="src/utils/metrics.js debe exportar register" name="src/utils/metrics.js debe exportar register" time="0.019">
    </testcase>
    <testcase classname="src/utils/metrics.js debe exportar httpRequestDuration" name="src/utils/metrics.js debe exportar httpRequestDuration" time="0.003">
    </testcase>
    <testcase classname="src/utils/metrics.js debe exportar httpRequestTotal" name="src/utils/metrics.js debe exportar httpRequestTotal" time="0.002">
    </testcase>
    <testcase classname="src/utils/metrics.js debe exportar dbQueryDuration" name="src/utils/metrics.js debe exportar dbQueryDuration" time="0.002">
    </testcase>
    <testcase classname="src/utils/metrics.js debe exportar dbQueryTotal" name="src/utils/metrics.js debe exportar dbQueryTotal" time="0.002">
    </testcase>
    <testcase classname="src/utils/metrics.js debe exportar activeConnections" name="src/utils/metrics.js debe exportar activeConnections" time="0.002">
    </testcase>
  </testsuite>
  <testsuite name="prestamos.routes" errors="0" failures="0" skipped="0" timestamp="2025-11-13T19:41:35" time="0.392" tests="8">
    <testcase classname="prestamos.routes debe tener ruta GET /test configurada" name="prestamos.routes debe tener ruta GET /test configurada" time="0.002">
    </testcase>
    <testcase classname="prestamos.routes debe tener ruta GET /test-db configurada" name="prestamos.routes debe tener ruta GET /test-db configurada" time="0.001">
    </testcase>
    <testcase classname="prestamos.routes debe tener ruta GET /usuario/actual configurada" name="prestamos.routes debe tener ruta GET /usuario/actual configurada" time="0">
    </testcase>
    <testcase classname="prestamos.routes debe tener ruta GET / configurada" name="prestamos.routes debe tener ruta GET / configurada" time="0.001">
    </testcase>
    <testcase classname="prestamos.routes debe tener ruta GET /:id configurada" name="prestamos.routes debe tener ruta GET /:id configurada" time="0">
    </testcase>
    <testcase classname="prestamos.routes debe tener ruta POST / configurada" name="prestamos.routes debe tener ruta POST / configurada" time="0">
    </testcase>
    <testcase classname="prestamos.routes debe tener ruta POST /:id/devolucion configurada" name="prestamos.routes debe tener ruta POST /:id/devolucion configurada" time="0.001">
    </testcase>
    <testcase classname="prestamos.routes debe tener ruta POST /:id/renovar configurada" name="prestamos.routes debe tener ruta POST /:id/renovar configurada" time="0.002">
    </testcase>
  </testsuite>
  <testsuite name="libros.routes" errors="0" failures="0" skipped="0" timestamp="2025-11-13T19:41:36" time="0.468" tests="5">
    <testcase classname="libros.routes debe tener ruta GET /test-db configurada" name="libros.routes debe tener ruta GET /test-db configurada" time="0.006">
    </testcase>
    <testcase classname="libros.routes debe tener ruta GET /test-table configurada" name="libros.routes debe tener ruta GET /test-table configurada" time="0.003">
    </testcase>
    <testcase classname="libros.routes debe tener ruta GET /recomendaciones configurada" name="libros.routes debe tener ruta GET /recomendaciones configurada" time="0.001">
    </testcase>
    <testcase classname="libros.routes debe tener ruta GET / configurada" name="libros.routes debe tener ruta GET / configurada" time="0.001">
    </testcase>
    <testcase classname="libros.routes debe tener ruta GET /:id configurada" name="libros.routes debe tener ruta GET /:id configurada" time="0.001">
    </testcase>
  </testsuite>
  <testsuite name="SimpleJWT" errors="0" failures="0" skipped="0" timestamp="2025-11-13T19:41:36" time="0.404" tests="4">
    <testcase classname="SimpleJWT debe generar un token JWT válido" name="SimpleJWT debe generar un token JWT válido" time="0.017">
    </testcase>
    <testcase classname="SimpleJWT debe verificar un token válido correctamente" name="SimpleJWT debe verificar un token válido correctamente" time="0.009">
    </testcase>
    <testcase classname="SimpleJWT debe lanzar error al verificar token inválido" name="SimpleJWT debe lanzar error al verificar token inválido" time="0.066">
    </testcase>
    <testcase classname="SimpleJWT debe generar token con expiración personalizada" name="SimpleJWT debe generar token con expiración personalizada" time="0.015">
    </testcase>
  </testsuite>
  <testsuite name="libros.routes - rutas inline" errors="0" failures="0" skipped="0" timestamp="2025-11-13T19:41:37" time="0.316" tests="2">
    <testcase classname="libros.routes - rutas inline GET /test-db debe tener ruta configurada" name="libros.routes - rutas inline GET /test-db debe tener ruta configurada" time="0.002">
    </testcase>
    <testcase classname="libros.routes - rutas inline GET /test-table debe tener ruta configurada" name="libros.routes - rutas inline GET /test-table debe tener ruta configurada" time="0">
    </testcase>
  </testsuite>
  <testsuite name="hybrid-auth middleware" errors="0" failures="0" skipped="0" timestamp="2025-11-13T19:41:37" time="0.188" tests="6">
    <testcase classname="hybrid-auth middleware hybridAuth debe usar token de cookie si está disponible" name="hybrid-auth middleware hybridAuth debe usar token de cookie si está disponible" time="0.002">
    </testcase>
    <testcase classname="hybrid-auth middleware hybridAuth debe usar token de header Authorization como fallback" name="hybrid-auth middleware hybridAuth debe usar token de header Authorization como fallback" time="0.002">
    </testcase>
    <testcase classname="hybrid-auth middleware hybridAuth debe retornar 401 si no hay token" name="hybrid-auth middleware hybridAuth debe retornar 401 si no hay token" time="0.001">
    </testcase>
    <testcase classname="hybrid-auth middleware hybridAuth debe manejar errores de autenticación" name="hybrid-auth middleware hybridAuth debe manejar errores de autenticación" time="0.002">
    </testcase>
    <testcase classname="hybrid-auth middleware debugAuth debe ejecutar next sin modificar request" name="hybrid-auth middleware debugAuth debe ejecutar next sin modificar request" time="0.001">
    </testcase>
    <testcase classname="hybrid-auth middleware debugAuth debe mostrar información de usuario si está presente" name="hybrid-auth middleware debugAuth debe mostrar información de usuario si está presente" time="0.002">
    </testcase>
  </testsuite>
  <testsuite name="data-helpers" errors="0" failures="0" skipped="0" timestamp="2025-11-13T19:41:35" time="0.334" tests="36">
    <testcase classname="data-helpers isFiniteNumber debe retornar true para números finitos válidos" name="data-helpers isFiniteNumber debe retornar true para números finitos válidos" time="0.002">
    </testcase>
    <testcase classname="data-helpers isFiniteNumber debe retornar false para valores no numéricos" name="data-helpers isFiniteNumber debe retornar false para valores no numéricos" time="0.001">
    </testcase>
    <testcase classname="data-helpers isFiniteNumber debe retornar false para NaN e Infinity" name="data-helpers isFiniteNumber debe retornar false para NaN e Infinity" time="0.001">
    </testcase>
    <testcase classname="data-helpers createTypeConverter debe crear un convertidor que ejecuta la función" name="data-helpers createTypeConverter debe crear un convertidor que ejecuta la función" time="0.002">
    </testcase>
    <testcase classname="data-helpers createTypeConverter debe retornar valor por defecto cuando falla" name="data-helpers createTypeConverter debe retornar valor por defecto cuando falla" time="0.03">
    </testcase>
    <testcase classname="data-helpers createTypeConverter debe usar customDefault si se proporciona" name="data-helpers createTypeConverter debe usar customDefault si se proporciona" time="0.009">
    </testcase>
    <testcase classname="data-helpers asObject debe retornar objeto vacío para null/undefined" name="data-helpers asObject debe retornar objeto vacío para null/undefined" time="0.002">
    </testcase>
    <testcase classname="data-helpers asObject debe retornar el objeto si ya es un objeto" name="data-helpers asObject debe retornar el objeto si ya es un objeto" time="0.001">
    </testcase>
    <testcase classname="data-helpers asObject debe parsear string JSON válido" name="data-helpers asObject debe parsear string JSON válido" time="0.001">
    </testcase>
    <testcase classname="data-helpers asObject debe retornar objeto vacío para string vacío" name="data-helpers asObject debe retornar objeto vacío para string vacío" time="0.001">
    </testcase>
    <testcase classname="data-helpers asObject debe retornar objeto vacío para arrays" name="data-helpers asObject debe retornar objeto vacío para arrays" time="0.001">
    </testcase>
    <testcase classname="data-helpers asObject debe retornar objeto vacío para JSON inválido" name="data-helpers asObject debe retornar objeto vacío para JSON inválido" time="0.022">
    </testcase>
    <testcase classname="data-helpers asBoolean debe retornar false para null/undefined" name="data-helpers asBoolean debe retornar false para null/undefined" time="0.008">
    </testcase>
    <testcase classname="data-helpers asBoolean debe retornar el valor para booleanos" name="data-helpers asBoolean debe retornar el valor para booleanos" time="0.001">
    </testcase>
    <testcase classname="data-helpers asBoolean debe convertir strings a boolean" name="data-helpers asBoolean debe convertir strings a boolean" time="0.001">
    </testcase>
    <testcase classname="data-helpers asBoolean debe convertir números a boolean" name="data-helpers asBoolean debe convertir números a boolean" time="0.001">
    </testcase>
    <testcase classname="data-helpers asNumber debe convertir strings numéricos" name="data-helpers asNumber debe convertir strings numéricos" time="0">
    </testcase>
    <testcase classname="data-helpers asNumber debe retornar valor por defecto para valores inválidos" name="data-helpers asNumber debe retornar valor por defecto para valores inválidos" time="0.001">
    </testcase>
    <testcase classname="data-helpers asNumber debe retornar el número si ya es un número" name="data-helpers asNumber debe retornar el número si ya es un número" time="0.001">
    </testcase>
    <testcase classname="data-helpers asNumber debe retornar default para NaN" name="data-helpers asNumber debe retornar default para NaN" time="0">
    </testcase>
    <testcase classname="data-helpers asInteger debe convertir strings a enteros" name="data-helpers asInteger debe convertir strings a enteros" time="0.001">
    </testcase>
    <testcase classname="data-helpers asInteger debe retornar valor por defecto para valores inválidos" name="data-helpers asInteger debe retornar valor por defecto para valores inválidos" time="0">
    </testcase>
    <testcase classname="data-helpers asInteger debe convertir números a enteros" name="data-helpers asInteger debe convertir números a enteros" time="0.001">
    </testcase>
    <testcase classname="data-helpers sanitizeString debe eliminar tags HTML" name="data-helpers sanitizeString debe eliminar tags HTML" time="0.002">
    </testcase>
    <testcase classname="data-helpers sanitizeString debe escapar caracteres especiales" name="data-helpers sanitizeString debe escapar caracteres especiales" time="0.001">
    </testcase>
    <testcase classname="data-helpers sanitizeString debe eliminar caracteres de control" name="data-helpers sanitizeString debe eliminar caracteres de control" time="0.001">
    </testcase>
    <testcase classname="data-helpers sanitizeString debe trim espacios" name="data-helpers sanitizeString debe trim espacios" time="0.001">
    </testcase>
    <testcase classname="data-helpers sanitizeString debe retornar string vacío para valores no string" name="data-helpers sanitizeString debe retornar string vacío para valores no string" time="0.001">
    </testcase>
    <testcase classname="data-helpers cleanObject debe eliminar propiedades undefined/null/vacías" name="data-helpers cleanObject debe eliminar propiedades undefined/null/vacías" time="0.001">
    </testcase>
    <testcase classname="data-helpers cleanObject debe retornar objeto vacío para objeto vacío" name="data-helpers cleanObject debe retornar objeto vacío para objeto vacío" time="0.001">
    </testcase>
    <testcase classname="data-helpers getValue debe obtener valor de objeto" name="data-helpers getValue debe obtener valor de objeto" time="0">
    </testcase>
    <testcase classname="data-helpers getValue debe retornar default si no existe" name="data-helpers getValue debe retornar default si no existe" time="0">
    </testcase>
    <testcase classname="data-helpers getValue debe retornar default para objeto inválido" name="data-helpers getValue debe retornar default para objeto inválido" time="0.001">
    </testcase>
    <testcase classname="data-helpers indexBy debe indexar array por clave" name="data-helpers indexBy debe indexar array por clave" time="0.007">
    </testcase>
    <testcase classname="data-helpers indexBy debe retornar objeto vacío para array vacío" name="data-helpers indexBy debe retornar objeto vacío para array vacío" time="0.001">
    </testcase>
    <testcase classname="data-helpers indexBy debe retornar objeto vacío para clave inválida" name="data-helpers indexBy debe retornar objeto vacío para clave inválida" time="0">
    </testcase>
  </testsuite>
  <testsuite name="prestamos.controller - cobertura completa" errors="0" failures="0" skipped="0" timestamp="2025-11-13T19:41:37" time="0.246" tests="5">
    <testcase classname="prestamos.controller - cobertura completa buildPrestamosFilters debe construir filtros con todos los parámetros" name="prestamos.controller - cobertura completa buildPrestamosFilters debe construir filtros con todos los parámetros" time="0.004">
    </testcase>
    <testcase classname="prestamos.controller - cobertura completa buildPrestamosFilters debe manejar activo=false" name="prestamos.controller - cobertura completa buildPrestamosFilters debe manejar activo=false" time="0.008">
    </testcase>
    <testcase classname="prestamos.controller - cobertura completa crearPrestamo - casos edge debe manejar error en transacción" name="prestamos.controller - cobertura completa crearPrestamo - casos edge debe manejar error en transacción" time="0.003">
    </testcase>
    <testcase classname="prestamos.controller - cobertura completa marcarDevolucion - casos edge debe manejar error al actualizar" name="prestamos.controller - cobertura completa marcarDevolucion - casos edge debe manejar error al actualizar" time="0.003">
    </testcase>
    <testcase classname="prestamos.controller - cobertura completa renovarPrestamo - casos edge debe manejar error al actualizar" name="prestamos.controller - cobertura completa renovarPrestamo - casos edge debe manejar error al actualizar" time="0.002">
    </testcase>
  </testsuite>
  <testsuite name="metrics.routes" errors="0" failures="0" skipped="0" timestamp="2025-11-13T19:41:37" time="0.83" tests="2">
    <testcase classname="metrics.routes GET /metrics debe retornar métricas en formato Prometheus" name="metrics.routes GET /metrics debe retornar métricas en formato Prometheus" time="0.058">
    </testcase>
    <testcase classname="metrics.routes GET /metrics debe manejar errores" name="metrics.routes GET /metrics debe manejar errores" time="0.025">
    </testcase>
  </testsuite>
  <testsuite name="error-handler - casos adicionales" errors="0" failures="0" skipped="0" timestamp="2025-11-13T19:41:37" time="0.279" tests="15">
    <testcase classname="error-handler - casos adicionales handleError - casos edge debe manejar AppError con statusCode inválido" name="error-handler - casos adicionales handleError - casos edge debe manejar AppError con statusCode inválido" time="0.002">
    </testcase>
    <testcase classname="error-handler - casos adicionales handleError - casos edge debe manejar AppError con details" name="error-handler - casos adicionales handleError - casos edge debe manejar AppError con details" time="0.002">
    </testcase>
    <testcase classname="error-handler - casos adicionales handleError - casos edge debe manejar AppError sin message" name="error-handler - casos adicionales handleError - casos edge debe manejar AppError sin message" time="0.001">
    </testcase>
    <testcase classname="error-handler - casos adicionales handleError - casos edge debe manejar todos los códigos de error de PostgreSQL" name="error-handler - casos adicionales handleError - casos edge debe manejar todos los códigos de error de PostgreSQL" time="0.01">
    </testcase>
    <testcase classname="error-handler - casos adicionales handleError - casos edge debe manejar error con código no string" name="error-handler - casos adicionales handleError - casos edge debe manejar error con código no string" time="0.002">
    </testcase>
    <testcase classname="error-handler - casos adicionales handleError - casos edge debe manejar fallbackMessage vacío" name="error-handler - casos adicionales handleError - casos edge debe manejar fallbackMessage vacío" time="0.004">
    </testcase>
    <testcase classname="error-handler - casos adicionales handleError - casos edge debe manejar context no string" name="error-handler - casos adicionales handleError - casos edge debe manejar context no string" time="0.001">
    </testcase>
    <testcase classname="error-handler - casos adicionales asyncHandler - casos edge debe lanzar error si fn no es función" name="error-handler - casos adicionales asyncHandler - casos edge debe lanzar error si fn no es función" time="0.029">
    </testcase>
    <testcase classname="error-handler - casos adicionales asyncHandler - casos edge debe manejar errorMessage vacío" name="error-handler - casos adicionales asyncHandler - casos edge debe manejar errorMessage vacío" time="0.005">
    </testcase>
    <testcase classname="error-handler - casos adicionales asyncHandler - casos edge debe usar nombre de función si está disponible" name="error-handler - casos adicionales asyncHandler - casos edge debe usar nombre de función si está disponible" time="0.001">
    </testcase>
    <testcase classname="error-handler - casos adicionales promiseHandler - casos edge debe manejar AppError en promesa" name="error-handler - casos adicionales promiseHandler - casos edge debe manejar AppError en promesa" time="0.005">
    </testcase>
    <testcase classname="error-handler - casos adicionales promiseHandler - casos edge debe manejar errorMessage vacío" name="error-handler - casos adicionales promiseHandler - casos edge debe manejar errorMessage vacío" time="0.001">
    </testcase>
    <testcase classname="error-handler - casos adicionales promiseHandler - casos edge debe lanzar error si promise es null" name="error-handler - casos adicionales promiseHandler - casos edge debe lanzar error si promise es null" time="0.002">
    </testcase>
    <testcase classname="error-handler - casos adicionales promiseHandler - casos edge debe lanzar error si promise es undefined" name="error-handler - casos adicionales promiseHandler - casos edge debe lanzar error si promise es undefined" time="0.002">
    </testcase>
    <testcase classname="error-handler - casos adicionales promiseHandler - casos edge debe lanzar error si no es promesa" name="error-handler - casos adicionales promiseHandler - casos edge debe lanzar error si no es promesa" time="0.003">
    </testcase>
  </testsuite>
  <testsuite name="prestamos.controller" errors="0" failures="0" skipped="0" timestamp="2025-11-13T19:41:36" time="0.337" tests="33">
    <testcase classname="prestamos.controller obtenerPrestamos debe obtener todos los préstamos sin filtros" name="prestamos.controller obtenerPrestamos debe obtener todos los préstamos sin filtros" time="0.004">
    </testcase>
    <testcase classname="prestamos.controller obtenerPrestamos debe filtrar por usuario_id" name="prestamos.controller obtenerPrestamos debe filtrar por usuario_id" time="0.001">
    </testcase>
    <testcase classname="prestamos.controller obtenerPrestamos debe filtrar por biblioteca_id" name="prestamos.controller obtenerPrestamos debe filtrar por biblioteca_id" time="0.002">
    </testcase>
    <testcase classname="prestamos.controller obtenerPrestamos debe filtrar por activo=true" name="prestamos.controller obtenerPrestamos debe filtrar por activo=true" time="0.001">
    </testcase>
    <testcase classname="prestamos.controller obtenerPrestamos debe filtrar por activo=false" name="prestamos.controller obtenerPrestamos debe filtrar por activo=false" time="0.001">
    </testcase>
    <testcase classname="prestamos.controller obtenerPrestamos debe manejar paginación" name="prestamos.controller obtenerPrestamos debe manejar paginación" time="0.001">
    </testcase>
    <testcase classname="prestamos.controller obtenerPrestamos debe manejar errores" name="prestamos.controller obtenerPrestamos debe manejar errores" time="0.002">
    </testcase>
    <testcase classname="prestamos.controller obtenerPrestamoPorId debe obtener un préstamo por ID" name="prestamos.controller obtenerPrestamoPorId debe obtener un préstamo por ID" time="0.001">
    </testcase>
    <testcase classname="prestamos.controller obtenerPrestamoPorId debe retornar 404 si el préstamo no existe" name="prestamos.controller obtenerPrestamoPorId debe retornar 404 si el préstamo no existe" time="0.002">
    </testcase>
    <testcase classname="prestamos.controller obtenerPrestamoPorId debe manejar errores" name="prestamos.controller obtenerPrestamoPorId debe manejar errores" time="0.002">
    </testcase>
    <testcase classname="prestamos.controller crearPrestamo debe retornar 401 si no hay usuario autenticado" name="prestamos.controller crearPrestamo debe retornar 401 si no hay usuario autenticado" time="0.006">
    </testcase>
    <testcase classname="prestamos.controller crearPrestamo debe retornar 400 si falta libro_id" name="prestamos.controller crearPrestamo debe retornar 400 si falta libro_id" time="0.004">
    </testcase>
    <testcase classname="prestamos.controller crearPrestamo debe retornar 404 si el libro no existe" name="prestamos.controller crearPrestamo debe retornar 404 si el libro no existe" time="0.001">
    </testcase>
    <testcase classname="prestamos.controller crearPrestamo debe retornar 409 si el libro no está disponible" name="prestamos.controller crearPrestamo debe retornar 409 si el libro no está disponible" time="0.001">
    </testcase>
    <testcase classname="prestamos.controller crearPrestamo debe retornar 404 si no hay copias disponibles" name="prestamos.controller crearPrestamo debe retornar 404 si no hay copias disponibles" time="0.002">
    </testcase>
    <testcase classname="prestamos.controller crearPrestamo debe retornar 409 si el usuario ya tiene un préstamo activo" name="prestamos.controller crearPrestamo debe retornar 409 si el usuario ya tiene un préstamo activo" time="0.003">
    </testcase>
    <testcase classname="prestamos.controller crearPrestamo debe crear un préstamo exitosamente" name="prestamos.controller crearPrestamo debe crear un préstamo exitosamente" time="0.004">
    </testcase>
    <testcase classname="prestamos.controller crearPrestamo debe manejar errores en transacción" name="prestamos.controller crearPrestamo debe manejar errores en transacción" time="0.005">
    </testcase>
    <testcase classname="prestamos.controller marcarDevolucion debe retornar 404 si el préstamo no existe" name="prestamos.controller marcarDevolucion debe retornar 404 si el préstamo no existe" time="0.001">
    </testcase>
    <testcase classname="prestamos.controller marcarDevolucion debe retornar 400 si el préstamo ya fue devuelto" name="prestamos.controller marcarDevolucion debe retornar 400 si el préstamo ya fue devuelto" time="0.001">
    </testcase>
    <testcase classname="prestamos.controller marcarDevolucion debe retornar 403 si no tiene permisos" name="prestamos.controller marcarDevolucion debe retornar 403 si no tiene permisos" time="0.001">
    </testcase>
    <testcase classname="prestamos.controller marcarDevolucion debe permitir a admin devolver cualquier préstamo" name="prestamos.controller marcarDevolucion debe permitir a admin devolver cualquier préstamo" time="0.003">
    </testcase>
    <testcase classname="prestamos.controller marcarDevolucion debe marcar devolución exitosamente" name="prestamos.controller marcarDevolucion debe marcar devolución exitosamente" time="0.001">
    </testcase>
    <testcase classname="prestamos.controller marcarDevolucion debe manejar errores" name="prestamos.controller marcarDevolucion debe manejar errores" time="0.001">
    </testcase>
    <testcase classname="prestamos.controller renovarPrestamo debe retornar 404 si el préstamo no existe" name="prestamos.controller renovarPrestamo debe retornar 404 si el préstamo no existe" time="0.004">
    </testcase>
    <testcase classname="prestamos.controller renovarPrestamo debe retornar 400 si el préstamo ya fue devuelto" name="prestamos.controller renovarPrestamo debe retornar 400 si el préstamo ya fue devuelto" time="0.002">
    </testcase>
    <testcase classname="prestamos.controller renovarPrestamo debe retornar 403 si no tiene permisos" name="prestamos.controller renovarPrestamo debe retornar 403 si no tiene permisos" time="0.006">
    </testcase>
    <testcase classname="prestamos.controller renovarPrestamo debe retornar 400 si el préstamo está vencido" name="prestamos.controller renovarPrestamo debe retornar 400 si el préstamo está vencido" time="0.002">
    </testcase>
    <testcase classname="prestamos.controller renovarPrestamo debe renovar préstamo exitosamente" name="prestamos.controller renovarPrestamo debe renovar préstamo exitosamente" time="0.002">
    </testcase>
    <testcase classname="prestamos.controller renovarPrestamo debe manejar errores" name="prestamos.controller renovarPrestamo debe manejar errores" time="0.005">
    </testcase>
    <testcase classname="prestamos.controller obtenerPrestamosUsuarioActual debe manejar error si no hay usuario autenticado" name="prestamos.controller obtenerPrestamosUsuarioActual debe manejar error si no hay usuario autenticado" time="0.004">
    </testcase>
    <testcase classname="prestamos.controller obtenerPrestamosUsuarioActual debe obtener préstamos del usuario actual" name="prestamos.controller obtenerPrestamosUsuarioActual debe obtener préstamos del usuario actual" time="0.002">
    </testcase>
    <testcase classname="prestamos.controller obtenerPrestamosUsuarioActual debe manejar errores" name="prestamos.controller obtenerPrestamosUsuarioActual debe manejar errores" time="0.003">
    </testcase>
  </testsuite>
  <testsuite name="libros.service" errors="0" failures="0" skipped="0" timestamp="2025-11-13T19:41:36" time="0.391" tests="34">
    <testcase classname="libros.service searchLibros debe buscar libros sin filtros" name="libros.service searchLibros debe buscar libros sin filtros" time="0.01">
    </testcase>
    <testcase classname="libros.service searchLibros debe buscar libros con término de búsqueda" name="libros.service searchLibros debe buscar libros con término de búsqueda" time="0.002">
    </testcase>
    <testcase classname="libros.service searchLibros debe filtrar por categorías" name="libros.service searchLibros debe filtrar por categorías" time="0.007">
    </testcase>
    <testcase classname="libros.service searchLibros debe filtrar por disponibilidad" name="libros.service searchLibros debe filtrar por disponibilidad" time="0.003">
    </testcase>
    <testcase classname="libros.service searchLibros debe filtrar por biblioteca_id (incluyendo 0 como valor válido)" name="libros.service searchLibros debe filtrar por biblioteca_id (incluyendo 0 como valor válido)" time="0.001">
    </testcase>
    <testcase classname="libros.service searchLibros debe filtrar por biblioteca_id como string &quot;0&quot;" name="libros.service searchLibros debe filtrar por biblioteca_id como string &quot;0&quot;" time="0.001">
    </testcase>
    <testcase classname="libros.service searchLibros debe ignorar biblioteca_id cuando es &quot;todas&quot;" name="libros.service searchLibros debe ignorar biblioteca_id cuando es &quot;todas&quot;" time="0.001">
    </testcase>
    <testcase classname="libros.service searchLibros debe manejar paginación" name="libros.service searchLibros debe manejar paginación" time="0.001">
    </testcase>
    <testcase classname="libros.service searchLibros debe manejar errores" name="libros.service searchLibros debe manejar errores" time="0.038">
    </testcase>
    <testcase classname="libros.service findLibroById debe encontrar un libro por ID" name="libros.service findLibroById debe encontrar un libro por ID" time="0.002">
    </testcase>
    <testcase classname="libros.service findLibroById debe retornar null si el libro no existe" name="libros.service findLibroById debe retornar null si el libro no existe" time="0.013">
    </testcase>
    <testcase classname="libros.service findLibroById debe manejar errores" name="libros.service findLibroById debe manejar errores" time="0.003">
    </testcase>
    <testcase classname="libros.service createLibro debe crear un libro exitosamente" name="libros.service createLibro debe crear un libro exitosamente" time="0.002">
    </testcase>
    <testcase classname="libros.service createLibro debe lanzar error si falta título o autor" name="libros.service createLibro debe lanzar error si falta título o autor" time="0.01">
    </testcase>
    <testcase classname="libros.service createLibro debe manejar errores" name="libros.service createLibro debe manejar errores" time="0.001">
    </testcase>
    <testcase classname="libros.service updateLibro debe actualizar un libro exitosamente" name="libros.service updateLibro debe actualizar un libro exitosamente" time="0.002">
    </testcase>
    <testcase classname="libros.service updateLibro debe lanzar AppError si el libro no existe" name="libros.service updateLibro debe lanzar AppError si el libro no existe" time="0.002">
    </testcase>
    <testcase classname="libros.service updateLibro debe manejar errores" name="libros.service updateLibro debe manejar errores" time="0.002">
    </testcase>
    <testcase classname="libros.service deleteLibro debe eliminar un libro exitosamente" name="libros.service deleteLibro debe eliminar un libro exitosamente" time="0.001">
    </testcase>
    <testcase classname="libros.service deleteLibro debe lanzar AppError si el libro no existe" name="libros.service deleteLibro debe lanzar AppError si el libro no existe" time="0.001">
    </testcase>
    <testcase classname="libros.service deleteLibro debe lanzar AppError si tiene préstamos asociados" name="libros.service deleteLibro debe lanzar AppError si tiene préstamos asociados" time="0.001">
    </testcase>
    <testcase classname="libros.service deleteLibro debe manejar errores" name="libros.service deleteLibro debe manejar errores" time="0.002">
    </testcase>
    <testcase classname="libros.service updateLibroImage debe actualizar la imagen de un libro" name="libros.service updateLibroImage debe actualizar la imagen de un libro" time="0.002">
    </testcase>
    <testcase classname="libros.service updateLibroImage debe lanzar AppError si el libro no existe" name="libros.service updateLibroImage debe lanzar AppError si el libro no existe" time="0.001">
    </testcase>
    <testcase classname="libros.service obtenerRecomendaciones debe obtener recomendaciones para usuario" name="libros.service obtenerRecomendaciones debe obtener recomendaciones para usuario" time="0.007">
    </testcase>
    <testcase classname="libros.service obtenerRecomendaciones debe manejar usuario sin preferencias" name="libros.service obtenerRecomendaciones debe manejar usuario sin preferencias" time="0.001">
    </testcase>
    <testcase classname="libros.service obtenerRecomendaciones debe filtrar categorías inválidas" name="libros.service obtenerRecomendaciones debe filtrar categorías inválidas" time="0.001">
    </testcase>
    <testcase classname="libros.service obtenerRecomendaciones debe lanzar error si no hay usuario" name="libros.service obtenerRecomendaciones debe lanzar error si no hay usuario" time="0.002">
    </testcase>
    <testcase classname="libros.service obtenerRecomendaciones debe lanzar error si el usuario no existe" name="libros.service obtenerRecomendaciones debe lanzar error si el usuario no existe" time="0.001">
    </testcase>
    <testcase classname="libros.service obtenerRecomendaciones debe manejar errores" name="libros.service obtenerRecomendaciones debe manejar errores" time="0.001">
    </testcase>
    <testcase classname="libros.service normalizeLibroFilters - casos edge searchLibros debe normalizar límite máximo" name="libros.service normalizeLibroFilters - casos edge searchLibros debe normalizar límite máximo" time="0.002">
    </testcase>
    <testcase classname="libros.service normalizeLibroFilters - casos edge searchLibros debe normalizar offset negativo" name="libros.service normalizeLibroFilters - casos edge searchLibros debe normalizar offset negativo" time="0.002">
    </testcase>
    <testcase classname="libros.service normalizeLibroFilters - casos edge searchLibros debe parsear categorías como string" name="libros.service normalizeLibroFilters - casos edge searchLibros debe parsear categorías como string" time="0.001">
    </testcase>
    <testcase classname="libros.service normalizeLibroFilters - casos edge searchLibros debe filtrar por biblioteca_id" name="libros.service normalizeLibroFilters - casos edge searchLibros debe filtrar por biblioteca_id" time="0">
    </testcase>
  </testsuite>
  <testsuite name="auth-middleware-helpers" errors="0" failures="0" skipped="0" timestamp="2025-11-13T19:41:36" time="0.331" tests="36">
    <testcase classname="auth-middleware-helpers checkAuthentication debe retornar false y llamar unauthorized si no hay usuario" name="auth-middleware-helpers checkAuthentication debe retornar false y llamar unauthorized si no hay usuario" time="0.006">
    </testcase>
[...]
    </testcase>
  </testsuite>
  <testsuite name="auth.services.js" errors="0" failures="0" skipped="0" timestamp="2025-11-13T19:41:54" time="4.166" tests="38">
    <testcase classname="auth.services.js getToken debe retornar token de localStorage" name="auth.services.js getToken debe retornar token de localStorage" time="0.025">
    </testcase>
    <testcase classname="auth.services.js getToken debe retornar token de sessionStorage si no hay en localStorage" name="auth.services.js getToken debe retornar token de sessionStorage si no hay en localStorage" time="0.006">
    </testcase>
    <testcase classname="auth.services.js getToken debe retornar null si no hay token" name="auth.services.js getToken debe retornar null si no hay token" time="0.004">
    </testcase>
    <testcase classname="auth.services.js getRole debe retornar role de localStorage" name="auth.services.js getRole debe retornar role de localStorage" time="0.003">
    </testcase>
    <testcase classname="auth.services.js getRole debe retornar role de sessionStorage si no hay en localStorage" name="auth.services.js getRole debe retornar role de sessionStorage si no hay en localStorage" time="0.002">
    </testcase>
    <testcase classname="auth.services.js getUserId debe retornar userId de localStorage" name="auth.services.js getUserId debe retornar userId de localStorage" time="0.002">
    </testcase>
    <testcase classname="auth.services.js getUserName debe retornar userName de localStorage" name="auth.services.js getUserName debe retornar userName de localStorage" time="0.004">
    </testcase>
    <testcase classname="auth.services.js isAuthenticated debe retornar true si hay token" name="auth.services.js isAuthenticated debe retornar true si hay token" time="0.019">
    </testcase>
    <testcase classname="auth.services.js isAuthenticated debe retornar false si no hay token" name="auth.services.js isAuthenticated debe retornar false si no hay token" time="0.004">
    </testcase>
    <testcase classname="auth.services.js hasRole debe retornar true si el usuario tiene el rol especificado" name="auth.services.js hasRole debe retornar true si el usuario tiene el rol especificado" time="0.004">
    </testcase>
    <testcase classname="auth.services.js hasRole debe retornar true si el usuario es admin (tiene acceso a todo)" name="auth.services.js hasRole debe retornar true si el usuario es admin (tiene acceso a todo)" time="0.014">
    </testcase>
    <testcase classname="auth.services.js hasRole debe retornar false si el usuario no tiene el rol" name="auth.services.js hasRole debe retornar false si el usuario no tiene el rol" time="0.001">
    </testcase>
    <testcase classname="auth.services.js isAdmin debe retornar true si el usuario es admin" name="auth.services.js isAdmin debe retornar true si el usuario es admin" time="0.001">
    </testcase>
    <testcase classname="auth.services.js isAdmin debe retornar false si el usuario no es admin" name="auth.services.js isAdmin debe retornar false si el usuario no es admin" time="0.002">
    </testcase>
    <testcase classname="auth.services.js logout debe limpiar todos los datos de autenticación" name="auth.services.js logout debe limpiar todos los datos de autenticación" time="0.153">
    </testcase>
    <testcase classname="auth.services.js getRuntime debe retornar globalThis si está disponible" name="auth.services.js getRuntime debe retornar globalThis si está disponible" time="0.012">
    </testcase>
    <testcase classname="auth.services.js getAuthHeaders debe retornar headers con token" name="auth.services.js getAuthHeaders debe retornar headers con token" time="0.033">
    </testcase>
    <testcase classname="auth.services.js getAuthHeaders debe retornar objeto vacío si no hay token" name="auth.services.js getAuthHeaders debe retornar objeto vacío si no hay token" time="0.017">
    </testcase>
    <testcase classname="auth.services.js isSupAdmin debe retornar true si el usuario es supadmin" name="auth.services.js isSupAdmin debe retornar true si el usuario es supadmin" time="0.004">
    </testcase>
    <testcase classname="auth.services.js isSupAdmin debe retornar false si el usuario no es supadmin" name="auth.services.js isSupAdmin debe retornar false si el usuario no es supadmin" time="0.003">
    </testcase>
    <testcase classname="auth.services.js login debe hacer login exitosamente" name="auth.services.js login debe hacer login exitosamente" time="0.022">
    </testcase>
    <testcase classname="auth.services.js login debe manejar error en login" name="auth.services.js login debe manejar error en login" time="0.002">
    </testcase>
    <testcase classname="auth.services.js register debe registrar usuario exitosamente" name="auth.services.js register debe registrar usuario exitosamente" time="0.03">
    </testcase>
    <testcase classname="auth.services.js saveSession debe guardar sesión en localStorage si remember es true" name="auth.services.js saveSession debe guardar sesión en localStorage si remember es true" time="0.01">
    </testcase>
    <testcase classname="auth.services.js saveSession debe guardar sesión en sessionStorage si remember es false" name="auth.services.js saveSession debe guardar sesión en sessionStorage si remember es false" time="0.012">
    </testcase>
    <testcase classname="auth.services.js debugAuth debe retornar información de autenticación" name="auth.services.js debugAuth debe retornar información de autenticación" time="0.07">
    </testcase>
    <testcase classname="auth.services.js refreshToken debe refrescar token exitosamente" name="auth.services.js refreshToken debe refrescar token exitosamente" time="0.012">
    </testcase>
    <testcase classname="auth.services.js refreshToken debe manejar error al refrescar token" name="auth.services.js refreshToken debe manejar error al refrescar token" time="0.054">
    </testcase>
    <testcase classname="auth.services.js refreshToken debe retornar false si no hay token" name="auth.services.js refreshToken debe retornar false si no hay token" time="0.048">
    </testcase>
    <testcase classname="auth.services.js getCurrentUser debe obtener usuario actual exitosamente" name="auth.services.js getCurrentUser debe obtener usuario actual exitosamente" time="0.005">
    </testcase>
    <testcase classname="auth.services.js getCurrentUser debe intentar refrescar token si recibe 401" name="auth.services.js getCurrentUser debe intentar refrescar token si recibe 401" time="0.005">
    </testcase>
    <testcase classname="auth.services.js getCurrentUser debe retornar null en caso de error" name="auth.services.js getCurrentUser debe retornar null en caso de error" time="0.006">
    </testcase>
    <testcase classname="auth.services.js isTokenExpired debe retornar true si no hay token" name="auth.services.js isTokenExpired debe retornar true si no hay token" time="0.006">
    </testcase>
    <testcase classname="auth.services.js isTokenExpired debe retornar true si el token está expirado" name="auth.services.js isTokenExpired debe retornar true si el token está expirado" time="0.016">
    </testcase>
    <testcase classname="auth.services.js isTokenExpired debe retornar false si el token no está expirado" name="auth.services.js isTokenExpired debe retornar false si el token no está expirado" time="0.01">
    </testcase>
    <testcase classname="auth.services.js isTokenExpired debe retornar true si el token es inválido" name="auth.services.js isTokenExpired debe retornar true si el token es inválido" time="0.006">
    </testcase>
    <testcase classname="auth.services.js ensureValidToken debe refrescar token si está expirado" name="auth.services.js ensureValidToken debe refrescar token si está expirado" time="0.003">
    </testcase>
    <testcase classname="auth.services.js ensureValidToken debe retornar true si el token es válido" name="auth.services.js ensureValidToken debe retornar true si el token es válido" time="0.002">
    </testcase>
  </testsuite>
  <testsuite name="admin-functions.js - Tests SonarQube Compliant" errors="0" failures="0" skipped="0" timestamp="2025-11-13T19:41:58" time="4.236" tests="37">
    <testcase classname="admin-functions.js - Tests SonarQube Compliant Funciones de Utilidad mostrarLoading debe mostrar el spinner cuando mostrar=true" name="admin-functions.js - Tests SonarQube Compliant Funciones de Utilidad mostrarLoading debe mostrar el spinner cuando mostrar=true" time="0.298">
    </testcase>
    <testcase classname="admin-functions.js - Tests SonarQube Compliant Funciones de Utilidad mostrarLoading debe ocultar el spinner cuando mostrar=false" name="admin-functions.js - Tests SonarQube Compliant Funciones de Utilidad mostrarLoading debe ocultar el spinner cuando mostrar=false" time="0.051">
    </testcase>
    <testcase classname="admin-functions.js - Tests SonarQube Compliant Funciones de Utilidad mostrarLoading debe manejar spinner inexistente sin errores" name="admin-functions.js - Tests SonarQube Compliant Funciones de Utilidad mostrarLoading debe manejar spinner inexistente sin errores" time="0.098">
    </testcase>
    <testcase classname="admin-functions.js - Tests SonarQube Compliant Funciones de Utilidad mostrarError debe mostrar mensaje de error" name="admin-functions.js - Tests SonarQube Compliant Funciones de Utilidad mostrarError debe mostrar mensaje de error" time="0.042">
    </testcase>
    <testcase classname="admin-functions.js - Tests SonarQube Compliant Funciones de Utilidad mostrarError debe manejar elementos DOM inexistentes" name="admin-functions.js - Tests SonarQube Compliant Funciones de Utilidad mostrarError debe manejar elementos DOM inexistentes" time="0.025">
    </testcase>
    <testcase classname="admin-functions.js - Tests SonarQube Compliant Gestión de Libros cargarLibros debe cargar libros exitosamente y actualizar paginación" name="admin-functions.js - Tests SonarQube Compliant Gestión de Libros cargarLibros debe cargar libros exitosamente y actualizar paginación" time="0.217">
    </testcase>
    <testcase classname="admin-functions.js - Tests SonarQube Compliant Gestión de Libros cargarLibros debe aplicar filtros correctamente" name="admin-functions.js - Tests SonarQube Compliant Gestión de Libros cargarLibros debe aplicar filtros correctamente" time="0.036">
    </testcase>
    <testcase classname="admin-functions.js - Tests SonarQube Compliant Gestión de Libros cargarLibros debe manejar error y llamar mostrarError" name="admin-functions.js - Tests SonarQube Compliant Gestión de Libros cargarLibros debe manejar error y llamar mostrarError" time="0.046">
    </testcase>
    <testcase classname="admin-functions.js - Tests SonarQube Compliant Gestión de Libros cargarLibros debe manejar lista vacía de libros" name="admin-functions.js - Tests SonarQube Compliant Gestión de Libros cargarLibros debe manejar lista vacía de libros" time="0.089">
    </testcase>
    <testcase classname="admin-functions.js - Tests SonarQube Compliant Gestión de Libros mostrarTablaLibros debe renderizar tabla con datos correctos" name="admin-functions.js - Tests SonarQube Compliant Gestión de Libros mostrarTablaLibros debe renderizar tabla con datos correctos" time="0.125">
    </testcase>
    <testcase classname="admin-functions.js - Tests SonarQube Compliant Gestión de Libros mostrarTablaLibros debe usar placeholder cuando no hay imagen" name="admin-functions.js - Tests SonarQube Compliant Gestión de Libros mostrarTablaLibros debe usar placeholder cuando no hay imagen" time="0.052">
    </testcase>
    <testcase classname="admin-functions.js - Tests SonarQube Compliant Gestión de Libros mostrarPaginacionLibros debe manejar solo una página" name="admin-functions.js - Tests SonarQube Compliant Gestión de Libros mostrarPaginacionLibros debe manejar solo una página" time="0.084">
    </testcase>
    <testcase classname="admin-functions.js - Tests SonarQube Compliant Gestión de Libros cambiarPaginaLibros debe ignorar página inválida (menor a 1)" name="admin-functions.js - Tests SonarQube Compliant Gestión de Libros cambiarPaginaLibros debe ignorar página inválida (menor a 1)" time="0.04">
    </testcase>
    <testcase classname="admin-functions.js - Tests SonarQube Compliant Gestión de Libros cambiarPaginaLibros debe ignorar página inválida (mayor al total)" name="admin-functions.js - Tests SonarQube Compliant Gestión de Libros cambiarPaginaLibros debe ignorar página inválida (mayor al total)" time="0.087">
    </testcase>
    <testcase classname="admin-functions.js - Tests SonarQube Compliant Gestión de Libros filtrarLibros debe recolectar filtros y llamar cargarLibros" name="admin-functions.js - Tests SonarQube Compliant Gestión de Libros filtrarLibros debe recolectar filtros y llamar cargarLibros" time="0.106">
    </testcase>
    <testcase classname="admin-functions.js - Tests SonarQube Compliant Gestión de Préstamos cargarPrestamos debe cargar préstamos exitosamente" name="admin-functions.js - Tests SonarQube Compliant Gestión de Préstamos cargarPrestamos debe cargar préstamos exitosamente" time="0.073">
    </testcase>
    <testcase classname="admin-functions.js - Tests SonarQube Compliant Gestión de Préstamos cargarPrestamos debe manejar error al cargar préstamos" name="admin-functions.js - Tests SonarQube Compliant Gestión de Préstamos cargarPrestamos debe manejar error al cargar préstamos" time="0.028">
    </testcase>
    <testcase classname="admin-functions.js - Tests SonarQube Compliant Gestión de Préstamos mostrarTablaPrestamos debe renderizar préstamos con estado correcto" name="admin-functions.js - Tests SonarQube Compliant Gestión de Préstamos mostrarTablaPrestamos debe renderizar préstamos con estado correcto" time="0.067">
    </testcase>
    <testcase classname="admin-functions.js - Tests SonarQube Compliant Gestión de Préstamos mostrarTablaPrestamos debe mostrar &quot;Devuelto&quot; para préstamos finalizados" name="admin-functions.js - Tests SonarQube Compliant Gestión de Préstamos mostrarTablaPrestamos debe mostrar &quot;Devuelto&quot; para préstamos finalizados" time="0.063">
    </testcase>
    <testcase classname="admin-functions.js - Tests SonarQube Compliant Gestión de Préstamos marcarDevuelto debe marcar préstamo como devuelto exitosamente" name="admin-functions.js - Tests SonarQube Compliant Gestión de Préstamos marcarDevuelto debe marcar préstamo como devuelto exitosamente" time="0.026">
    </testcase>
    <testcase classname="admin-functions.js - Tests SonarQube Compliant Gestión de Préstamos marcarDevuelto debe manejar error al marcar como devuelto" name="admin-functions.js - Tests SonarQube Compliant Gestión de Préstamos marcarDevuelto debe manejar error al marcar como devuelto" time="0.042">
    </testcase>
    <testcase classname="admin-functions.js - Tests SonarQube Compliant Estadísticas cargarEstadisticas debe cargar estadísticas y crear gráfico" name="admin-functions.js - Tests SonarQube Compliant Estadísticas cargarEstadisticas debe cargar estadísticas y crear gráfico" time="0.793">
    </testcase>
    <testcase classname="admin-functions.js - Tests SonarQube Compliant Estadísticas cargarEstadisticas debe manejar error al cargar estadísticas" name="admin-functions.js - Tests SonarQube Compliant Estadísticas cargarEstadisticas debe manejar error al cargar estadísticas" time="0.022">
    </testcase>
    <testcase classname="admin-functions.js - Tests SonarQube Compliant Estadísticas mostrarLibrosPopulares debe mostrar lista de libros populares" name="admin-functions.js - Tests SonarQube Compliant Estadísticas mostrarLibrosPopulares debe mostrar lista de libros populares" time="0.031">
    </testcase>
    <testcase classname="admin-functions.js - Tests SonarQube Compliant Estadísticas mostrarLibrosPopulares debe mostrar mensaje cuando no hay datos" name="admin-functions.js - Tests SonarQube Compliant Estadísticas mostrarLibrosPopulares debe mostrar mensaje cuando no hay datos" time="0.035">
    </testcase>
    <testcase classname="admin-functions.js - Tests SonarQube Compliant Información de Biblioteca debe cargar y mostrar información de biblioteca" name="admin-functions.js - Tests SonarQube Compliant Información de Biblioteca debe cargar y mostrar información de biblioteca" time="0.027">
    </testcase>
    <testcase classname="admin-functions.js - Tests SonarQube Compliant Información de Biblioteca debe manejar dirección nula" name="admin-functions.js - Tests SonarQube Compliant Información de Biblioteca debe manejar dirección nula" time="0.016">
    </testcase>
    <testcase classname="admin-functions.js - Tests SonarQube Compliant Agregar/Remover Libros buscarLibrosParaAgregar debe buscar libros con query válido" name="admin-functions.js - Tests SonarQube Compliant Agregar/Remover Libros buscarLibrosParaAgregar debe buscar libros con query válido" time="0.018">
    </testcase>
    <testcase classname="admin-functions.js - Tests SonarQube Compliant Agregar/Remover Libros buscarLibrosParaAgregar debe limpiar resultados cuando query &lt; 2 caracteres" name="admin-functions.js - Tests SonarQube Compliant Agregar/Remover Libros buscarLibrosParaAgregar debe limpiar resultados cuando query &lt; 2 caracteres" time="0.018">
    </testcase>
    <testcase classname="admin-functions.js - Tests SonarQube Compliant Agregar/Remover Libros buscarLibrosParaAgregar debe manejar error en búsqueda" name="admin-functions.js - Tests SonarQube Compliant Agregar/Remover Libros buscarLibrosParaAgregar debe manejar error en búsqueda" time="0.01">
    </testcase>
    <testcase classname="admin-functions.js - Tests SonarQube Compliant Agregar/Remover Libros agregarLibroABiblioteca debe manejar error al agregar libro" name="admin-functions.js - Tests SonarQube Compliant Agregar/Remover Libros agregarLibroABiblioteca debe manejar error al agregar libro" time="0.015">
    </testcase>
    <testcase classname="admin-functions.js - Tests SonarQube Compliant Agregar/Remover Libros removerLibroDeBiblioteca debe manejar error al remover libro" name="admin-functions.js - Tests SonarQube Compliant Agregar/Remover Libros removerLibroDeBiblioteca debe manejar error al remover libro" time="0.013">
    </testcase>
    <testcase classname="admin-functions.js - Tests SonarQube Compliant Funciones Adicionales actualizarLibro debe mostrar alerta de funcionalidad pendiente" name="admin-functions.js - Tests SonarQube Compliant Funciones Adicionales actualizarLibro debe mostrar alerta de funcionalidad pendiente" time="0.023">
    </testcase>
    <testcase classname="admin-functions.js - Tests SonarQube Compliant Funciones Adicionales crearPrestamo debe mostrar alerta de funcionalidad pendiente" name="admin-functions.js - Tests SonarQube Compliant Funciones Adicionales crearPrestamo debe mostrar alerta de funcionalidad pendiente" time="0.021">
    </testcase>
    <testcase classname="admin-functions.js - Tests SonarQube Compliant Funciones Adicionales buscarUsuarios debe retornar array vacío y mostrar log" name="admin-functions.js - Tests SonarQube Compliant Funciones Adicionales buscarUsuarios debe retornar array vacío y mostrar log" time="0.025">
    </testcase>
    <testcase classname="admin-functions.js - Tests SonarQube Compliant Funciones Adicionales exportarEstadisticas debe crear y descargar archivo JSON con estadísticas" name="admin-functions.js - Tests SonarQube Compliant Funciones Adicionales exportarEstadisticas debe crear y descargar archivo JSON con estadísticas" time="0.026">
    </testcase>
    <testcase classname="admin-functions.js - Tests SonarQube Compliant Funciones Adicionales cargarCategorias debe manejar error al cargar categorías" name="admin-functions.js - Tests SonarQube Compliant Funciones Adicionales cargarCategorias debe manejar error al cargar categorías" time="0.008">
    </testcase>
  </testsuite>
</testsuites>